<?xml version="1.0" encoding="UTF-8"?>
<!-- Generated by org.testng.reporters.JUnitReportReporter -->
<testsuite hostname="Srinath" name="testNG.SecondTest" tests="1" failures="0" timestamp="7 Jun 2022 12:50:07 GMT" time="2.459" errors="0">
  <testcase name="f" time="2.459" classname="testNG.SecondTest"/>
</testsuite> <!-- testNG.SecondTest -->
