<?xml version="1.0" encoding="UTF-8"?>
<!-- Generated by org.testng.reporters.JUnitReportReporter -->
<testsuite hostname="Srinath" name="testNG.DataProviderTest" tests="10" failures="0" timestamp="7 Jun 2022 15:55:25 GMT" time="0.019" errors="0">
  <testcase name="f3" time="0.000" classname="testNG.DataProviderTest"/>
  <testcase name="f2" time="0.001" classname="testNG.DataProviderTest"/>
  <testcase name="f1" time="0.001" classname="testNG.DataProviderTest"/>
  <testcase name="f2" time="0.001" classname="testNG.DataProviderTest"/>
  <testcase name="f4" time="0.001" classname="testNG.DataProviderTest"/>
  <testcase name="f1" time="0.012" classname="testNG.DataProviderTest"/>
  <testcase name="f2" time="0.000" classname="testNG.DataProviderTest"/>
  <testcase name="f3" time="0.001" classname="testNG.DataProviderTest"/>
  <testcase name="f1" time="0.001" classname="testNG.DataProviderTest"/>
  <testcase name="f2" time="0.001" classname="testNG.DataProviderTest"/>
</testsuite> <!-- testNG.DataProviderTest -->
